2025-08-19 23:59:04,605 - INFO - Trading bot logging initialized
2025-08-19 23:59:04,607 - INFO - Trading bot started in backtest mode
2025-08-19 23:59:04,608 - INFO - Starting backtest for period: 1mo
2025-08-19 23:59:09,465 - INFO - Backtest period: 2025-07-21 to 2025-08-19
2025-08-19 23:59:09,539 - INFO - ==================================================
2025-08-19 23:59:09,539 - INFO - BACKTEST RESULTS
2025-08-19 23:59:09,539 - INFO - ==================================================
2025-08-19 23:59:09,539 - INFO - Strategy: MovingAverageCrossover
2025-08-19 23:59:09,540 - INFO - Initial Capital: $100,000.00
2025-08-19 23:59:09,540 - INFO - Final Portfolio Value: $100,000.00
2025-08-19 23:59:09,540 - INFO - Total Return: 0.00%
2025-08-19 23:59:09,540 - INFO - Sharpe Ratio: 0.00
2025-08-19 23:59:09,541 - INFO - Volatility: 0.00
2025-08-19 23:59:09,541 - INFO - Total Trades: 0
2025-08-19 23:59:09,541 - INFO - Final Cash: $100,000.00
2025-08-19 23:59:09,541 - INFO - Stock Value: $0.00
2025-08-19 23:59:09,541 - INFO - ==================================================
2025-08-20 00:00:38,574 - INFO - Trading bot logging initialized
2025-08-20 00:00:38,575 - INFO - Trading bot started in backtest mode
2025-08-20 00:00:38,575 - INFO - Starting backtest for period: 6mo
2025-08-20 00:00:42,382 - INFO - Backtest period: 2025-02-19 to 2025-08-19
2025-08-20 00:00:43,066 - INFO - BUY 59 shares of GOOGL at $168.36
2025-08-20 00:00:43,067 - INFO - Risk adjustment: Position size adjusted from 237 to 59
2025-08-20 00:00:43,995 - INFO - ==================================================
2025-08-20 00:00:43,996 - INFO - BACKTEST RESULTS
2025-08-20 00:00:43,996 - INFO - ==================================================
2025-08-20 00:00:43,996 - INFO - Strategy: MovingAverageCrossover
2025-08-20 00:00:43,996 - INFO - Initial Capital: $100,000.00
2025-08-20 00:00:43,997 - INFO - Final Portfolio Value: $101,935.43
2025-08-20 00:00:43,997 - INFO - Total Return: 1.94%
2025-08-20 00:00:43,997 - INFO - Sharpe Ratio: 0.00
2025-08-20 00:00:43,997 - INFO - Volatility: 0.00
2025-08-20 00:00:43,997 - INFO - Total Trades: 1
2025-08-20 00:00:43,997 - INFO - Final Cash: $90,066.99
2025-08-20 00:00:43,998 - INFO - Stock Value: $11,868.44
2025-08-20 00:00:43,998 - INFO - ==================================================
